0 info it worked if it ends with ok
1 verbose cli [ 'C:\\Program Files\\nodejs\\node.exe',
1 verbose cli   'C:\\Users\\smiller\\AppData\\Roaming\\npm\\node_modules\\npm\\bin\\npm-cli.js',
1 verbose cli   'publish' ]
2 info using npm@6.9.0
3 info using node@v8.15.1
4 verbose npm-session 2a178815d3d69c96
5 verbose publish [ '.' ]
6 info lifecycle html-react-component-builder@1.0.0~prepublish: html-react-component-builder@1.0.0
7 info lifecycle html-react-component-builder@1.0.0~prepare: html-react-component-builder@1.0.0
8 info lifecycle html-react-component-builder@1.0.0~prepublishOnly: html-react-component-builder@1.0.0
9 info lifecycle html-react-component-builder@1.0.0~prepack: html-react-component-builder@1.0.0
10 info lifecycle html-react-component-builder@1.0.0~postpack: html-react-component-builder@1.0.0
11 notice
12 notice package: html-react-component-builder@1.0.0
13 notice === Tarball Contents ===
14 notice 538B  package.json
14 notice 7.3kB ComponentBuildertest.txt
14 notice 3.1kB index.js
14 notice 1.1kB LICENSE
14 notice 118B  README.md
14 notice 4.9kB npm/_logs/2019-06-20T16_39_53_678Z-debug.log
14 notice 4.7kB npmCache/_logs/2019-06-20T16_37_04_178Z-debug.log
14 notice 2.2kB npmCache/_logs/2019-06-20T16_37_47_843Z-debug.log
14 notice 4.8kB npmCache/_logs/2019-06-20T16_38_18_143Z-debug.log
14 notice 1B    npmnpm-cache/_cacache/content-v2/sha512/0b/61/241d7c17bcbb1baee7094d14b7c451efecc7ffcbd92598a0f13d313cc9ebc2a07e61f007baf58fbf94ff9a8695bdd5cae7ce03bbf1e94e93613a00f25f21
14 notice 1.0MB npmnpm-cache/_cacache/content-v2/sha512/c7/06/28a809537f3022a72b923eadd13f728453099bf9b3bec43ece94237f33871e1a90f651acc5378d8bc450588e75894bb482f8b93963d406182497b0c9ee8d
14 notice 5.2MB npmnpm-cache/_cacache/content-v2/sha512/f7/55/7ecc1e610f13be272a76b14292ee3b8794833de5d190c53790b66648d67008ffb923597162a4faedc302a38722a65781ac4b62f3261af1463196b14f73ff
14 notice 1.4kB npmnpm-cache/_cacache/index-v5/61/4d/eb9b0584ba7d31111f9bc2de6d761fc231d42f9c2878c9af1277241aade1
14 notice 1.4kB npmnpm-cache/_cacache/index-v5/af/03/5c781820370e585dc2323edbbc80669bf714da5b47d56510c7d0bd7521ee
14 notice 5.7kB npmnpm-cache/_cacache/index-v5/b8/f5/26e57f34dcae5cccf0b25fe9ef58f0b949f28acbb64ec906397662260d3f
14 notice 4.9kB npmnpm-cache/_logs/2019-06-20T16_40_40_816Z-debug.log
14 notice 171B  npmnpm-cache/anonymous-cli-metrics.json
14 notice 4.5kB tempnpm-cache/_logs/2019-06-20T16_34_28_614Z-debug.log
14 notice 4.6kB tempnpm/_logs/2019-06-20T16_36_23_572Z-debug.log
14 notice 4.5kB tempnpmnpm-cache/_logs/2019-06-20T16_35_49_960Z-debug.log
15 notice === Tarball Details ===
16 notice name:          html-react-component-builder
16 notice version:       1.0.0
16 notice package size:  5.2 MB
16 notice unpacked size: 6.2 MB
16 notice shasum:        e9777ec428b45c2a7aa248e5d88fad5a1047bda9
16 notice integrity:     sha512-woI7vxM8aZB3t[...]XKOdKEz4VvYfg==
16 notice total files:   20
17 notice
18 http fetch PUT 401 https://registry.npmjs.org/html-react-component-builder 1285ms
19 verbose stack Error: 401 Unauthorized - PUT https://registry.npmjs.org/html-react-component-builder - You must be logged in to publish packages.
19 verbose stack     at res.buffer.catch.then.body (C:\Users\smiller\AppData\Roaming\npm\node_modules\npm\node_modules\npm-registry-fetch\check-response.js:104:15)
19 verbose stack     at <anonymous>
19 verbose stack     at process._tickCallback (internal/process/next_tick.js:189:7)
20 verbose statusCode 401
21 verbose pkgid html-react-component-builder@1.0.0
22 verbose cwd D:\git_repos\html-react-component-builder
23 verbose Windows_NT 10.0.17763
24 verbose argv "C:\\Program Files\\nodejs\\node.exe" "C:\\Users\\smiller\\AppData\\Roaming\\npm\\node_modules\\npm\\bin\\npm-cli.js" "publish"
25 verbose node v8.15.1
26 verbose npm  v6.9.0
27 error code E401
28 error 401 Unauthorized - PUT https://registry.npmjs.org/html-react-component-builder - You must be logged in to publish packages.
29 verbose exit [ 1, true ]
