0 info it worked if it ends with ok
1 verbose cli [ 'C:\\Program Files\\nodejs\\node.exe',
1 verbose cli   'C:\\Users\\smiller\\AppData\\Roaming\\npm\\node_modules\\npm\\bin\\npm-cli.js',
1 verbose cli   'login' ]
2 info using npm@6.9.0
3 info using node@v8.15.1
4 verbose npm-session c1d2ad430f1173bd
5 verbose web login before first POST
6 http fetch POST 401 https://registry.npmjs.org/-/v1/login 155ms
7 verbose web login not supported, trying couch
8 warn Name must be lowercase
9 verbose login before first PUT { _id: 'org.couchdb.user:janinjaneer',
9 verbose login   name: 'janinjaneer',
9 verbose login   password: 'XXXXX',
9 verbose login   type: 'user',
9 verbose login   roles: [],
9 verbose login   date: '2019-06-20T16:47:06.773Z' }
10 http fetch PUT 400 https://registry.npmjs.org/-/user/org.couchdb.user:janinjaneer 139ms
11 verbose adduser before first PUT { _id: 'org.couchdb.user:janinjaneer',
11 verbose adduser   name: 'janinjaneer',
11 verbose adduser   password: 'XXXXX',
11 verbose adduser   email: 'smiller@healthwise.org',
11 verbose adduser   type: 'user',
11 verbose adduser   roles: [],
11 verbose adduser   date: '2019-06-20T16:47:06.913Z' }
12 http fetch PUT 400 https://registry.npmjs.org/-/user/org.couchdb.user:janinjaneer 516ms
13 verbose stack Error: 400 Bad Request - PUT https://registry.npmjs.org/-/user/org.couchdb.user:janinjaneer - That email has already been registered.
13 verbose stack     at res.buffer.catch.then.body (C:\Users\smiller\AppData\Roaming\npm\node_modules\npm\node_modules\npm-registry-fetch\check-response.js:104:15)
13 verbose stack     at <anonymous>
13 verbose stack     at process._tickCallback (internal/process/next_tick.js:189:7)
14 verbose statusCode 400
15 verbose cwd D:\git_repos\html-react-component-builder
16 verbose Windows_NT 10.0.17763
17 verbose argv "C:\\Program Files\\nodejs\\node.exe" "C:\\Users\\smiller\\AppData\\Roaming\\npm\\node_modules\\npm\\bin\\npm-cli.js" "login"
18 verbose node v8.15.1
19 verbose npm  v6.9.0
20 error code E400
21 error 400 Bad Request - PUT https://registry.npmjs.org/-/user/org.couchdb.user:janinjaneer - That email has already been registered.
22 verbose exit [ 1, true ]
